#
# There is insufficient memory for the Java Runtime Environment to continue.
# Native memory allocation (malloc) failed to allocate 37748736 bytes for committing reserved memory.
# Possible reasons:
#   The system is out of physical RAM or swap space
#   In 32 bit mode, the process size limit was hit
# Possible solutions:
#   Reduce memory load on the system
#   Increase physical memory or swap space
#   Check if swap backing store is full
#   Use 64 bit Java on a 64 bit OS
#   Decrease Java heap size (-Xmx/-Xms)
#   Decrease number of Java threads
#   Decrease Java thread stack sizes (-Xss)
#   Set larger code cache with -XX:ReservedCodeCacheSize=
# This output file may be truncated or incomplete.
#
#  Out of Memory Error (os_linux.cpp:2798), pid=508, tid=1791716160
#
# JRE version: OpenJDK Runtime Environment (7.0_65-b32) (build 1.7.0_65-b32)
# Java VM: OpenJDK Server VM (24.65-b04 mixed mode linux-x86 )
# Failed to write core dump. Core dumps have been disabled. To enable core dumping, try "ulimit -c unlimited" before starting Java again
#

---------------  T H R E A D  ---------------

Current thread (0x67f11000):  VMThread [stack: 0x6ac36000,0x6acb7000] [id=519]

Stack: [0x6ac36000,0x6acb7000]
VM_Operation (0xb6609678): ParallelGCFailedAllocation, mode: safepoint, requested by thread 0xb6407800


---------------  P R O C E S S  ---------------

Java Threads: ( => current thread )
  0x67f2c400 JavaThread "Service Thread" daemon [_thread_blocked, id=526, stack(0x67a2b000,0x67a7c000)]
  0x67f2a400 JavaThread "C2 CompilerThread1" daemon [_thread_blocked, id=524, stack(0x67a7c000,0x67afd000)]
  0x67f28400 JavaThread "C2 CompilerThread0" daemon [_thread_blocked, id=523, stack(0x67afd000,0x67b7e000)]
  0x67f26c00 JavaThread "Signal Dispatcher" daemon [_thread_blocked, id=522, stack(0x67b7e000,0x67bcf000)]
  0x67f15000 JavaThread "Finalizer" daemon [_thread_blocked, id=521, stack(0x6802d000,0x6807e000)]
  0x67f13800 JavaThread "Reference Handler" daemon [_thread_blocked, id=520, stack(0x6807e000,0x680cf000)]
  0xb6407800 JavaThread "main" [_thread_blocked, id=516, stack(0xb65ba000,0xb660b000)]

Other Threads:
=>0x67f11000 VMThread [stack: 0x6ac36000,0x6acb7000] [id=519]
  0x67f2e400 WatcherThread [stack: 0x679aa000,0x67a2b000] [id=527]

VM state:at safepoint (normal execution)

VM Mutex/Monitor currently owned by a thread:  ([mutex/lock_event])
[0xb64050f0] Threads_lock - owner thread: 0x67f11000
[0xb6405500] Heap_lock - owner thread: 0xb6407800

Heap
 PSYoungGen      total 37632K, used 6389K [0x9ddc0000, 0xa0940000, 0xb3340000)
  eden space 31232K, 0% used [0x9ddc0000,0x9ddc0000,0x9fc40000)
  from space 6400K, 99% used [0x9fc40000,0xa027d668,0xa0280000)
  to   space 5888K, 0% used [0xa0280000,0xa0280000,0xa0840000)
 ParOldGen       total 20736K, used 15095K [0x73340000, 0x74780000, 0x9ddc0000)
  object space 20736K, 72% used [0x73340000,0x741fde30,0x74780000)
 PSPermGen       total 16384K, used 3382K [0x6b340000, 0x6c340000, 0x73340000)
  object space 16384K, 20% used [0x6b340000,0x6b68dbb8,0x6c340000)

Card table byte_map: [0x6b0ff000,0x6b340000] byte_map_base: 0x6ada5600

Polling page: 0xb77b6000

Code Cache  [0xb3400000, 0xb3640000, 0xb6400000)
 total_blobs=459 nmethods=345 adapters=68 free_code_cache=47895Kb largest_free_block=49008832

Compilation events (10 events):
Event: 5,290 Thread 0x67f28400 nmethod 343 0xb3512708 code [0xb3512840, 0xb3512bbc]
Event: 5,290 Thread 0x67f28400  344             com.android.dx.rop.code.ThrowingCstInsn::accept (8 bytes)
Event: 5,290 Thread 0x67f28400 nmethod 344 0xb3514988 code [0xb3514a80, 0xb3514ad0]
Event: 5,290 Thread 0x67f28400  345             com.android.dx.ssa.SsaBasicBlock::addDomChild (10 bytes)
Event: 5,294 Thread 0x67f28400 nmethod 345 0xb3512248 code [0xb3512360, 0xb35124e4]
Event: 5,294 Thread 0x67f28400  346             com.android.dx.ssa.SetFactory::makeDomFrontSet (26 bytes)
Event: 5,296 Thread 0x67f28400 nmethod 346 0xb350ff08 code [0xb3510000, 0xb3510150]
Event: 5,296 Thread 0x67f28400  347             java.util.HashSet::<init> (16 bytes)
Event: 5,298 Thread 0x67f28400 nmethod 347 0xb3511fc8 code [0xb35120c0, 0xb35121d0]
Event: 5,298 Thread 0x67f28400  348             com.android.dx.ssa.SsaRenamer$1::visitBlock (16 bytes)

GC Heap History (10 events):
Event: 1,938 GC heap after
Heap after GC invocations=2 (full 0):
 PSYoungGen      total 9216K, used 1266K [0x9ddc0000, 0x9efc0000, 0xb3340000)
  eden space 7936K, 0% used [0x9ddc0000,0x9ddc0000,0x9e580000)
  from space 1280K, 98% used [0x9e6c0000,0x9e7fc9a8,0x9e800000)
  to   space 1280K, 0% used [0x9e580000,0x9e580000,0x9e6c0000)
 ParOldGen       total 20736K, used 2003K [0x73340000, 0x74780000, 0x9ddc0000)
  object space 20736K, 9% used [0x73340000,0x73534e80,0x74780000)
 PSPermGen       total 16384K, used 3247K [0x6b340000, 0x6c340000, 0x73340000)
  object space 16384K, 19% used [0x6b340000,0x6b66bde8,0x6c340000)
}
Event: 2,411 GC heap before
{Heap before GC invocations=3 (full 0):
 PSYoungGen      total 9216K, used 9202K [0x9ddc0000, 0x9efc0000, 0xb3340000)
  eden space 7936K, 100% used [0x9ddc0000,0x9e580000,0x9e580000)
  from space 1280K, 98% used [0x9e6c0000,0x9e7fc9a8,0x9e800000)
  to   space 1280K, 0% used [0x9e580000,0x9e580000,0x9e6c0000)
 ParOldGen       total 20736K, used 2003K [0x73340000, 0x74780000, 0x9ddc0000)
  object space 20736K, 9% used [0x73340000,0x73534e80,0x74780000)
 PSPermGen       total 16384K, used 3280K [0x6b340000, 0x6c340000, 0x73340000)
  object space 16384K, 20% used [0x6b340000,0x6b674130,0x6c340000)
Event: 2,436 GC heap after
Heap after GC invocations=3 (full 0):
 PSYoungGen      total 9216K, used 1266K [0x9ddc0000, 0x9efc0000, 0xb3340000)
  eden space 7936K, 0% used [0x9ddc0000,0x9ddc0000,0x9e580000)
  from space 1280K, 98% used [0x9e580000,0x9e6bc9a8,0x9e6c0000)
  to   space 1280K, 0% used [0x9ee80000,0x9ee80000,0x9efc0000)
 ParOldGen       total 20736K, used 3617K [0x73340000, 0x74780000, 0x9ddc0000)
  object space 20736K, 17% used [0x73340000,0x736c8738,0x74780000)
 PSPermGen       total 16384K, used 3280K [0x6b340000, 0x6c340000, 0x73340000)
  object space 16384K, 20% used [0x6b340000,0x6b674130,0x6c340000)
}
Event: 3,211 GC heap before
{Heap before GC invocations=4 (full 0):
 PSYoungGen      total 9216K, used 9202K [0x9ddc0000, 0x9efc0000, 0xb3340000)
  eden space 7936K, 100% used [0x9ddc0000,0x9e580000,0x9e580000)
  from space 1280K, 98% used [0x9e580000,0x9e6bc9a8,0x9e6c0000)
  to   space 1280K, 0% used [0x9ee80000,0x9ee80000,0x9efc0000)
 ParOldGen       total 20736K, used 3617K [0x73340000, 0x74780000, 0x9ddc0000)
  object space 20736K, 17% used [0x73340000,0x736c8738,0x74780000)
 PSPermGen       total 16384K, used 3318K [0x6b340000, 0x6c340000, 0x73340000)
  object space 16384K, 20% used [0x6b340000,0x6b67da50,0x6c340000)
Event: 3,230 GC heap after
Heap after GC invocations=4 (full 0):
 PSYoungGen      total 17152K, used 1274K [0x9ddc0000, 0x9efc0000, 0xb3340000)
  eden space 15872K, 0% used [0x9ddc0000,0x9ddc0000,0x9ed40000)
  from space 1280K, 99% used [0x9ee80000,0x9efbe9b8,0x9efc0000)
  to   space 1280K, 0% used [0x9ed40000,0x9ed40000,0x9ee80000)
 ParOldGen       total 20736K, used 6045K [0x73340000, 0x74780000, 0x9ddc0000)
  object space 20736K, 29% used [0x73340000,0x73927778,0x74780000)
 PSPermGen       total 16384K, used 3318K [0x6b340000, 0x6c340000, 0x73340000)
  object space 16384K, 20% used [0x6b340000,0x6b67da50,0x6c340000)
}
Event: 3,683 GC heap before
{Heap before GC invocations=5 (full 0):
 PSYoungGen      total 17152K, used 17146K [0x9ddc0000, 0x9efc0000, 0xb3340000)
  eden space 15872K, 100% used [0x9ddc0000,0x9ed40000,0x9ed40000)
  from space 1280K, 99% used [0x9ee80000,0x9efbe9b8,0x9efc0000)
  to   space 1280K, 0% used [0x9ed40000,0x9ed40000,0x9ee80000)
 ParOldGen       total 20736K, used 6045K [0x73340000, 0x74780000, 0x9ddc0000)
  object space 20736K, 29% used [0x73340000,0x73927778,0x74780000)
 PSPermGen       total 16384K, used 3327K [0x6b340000, 0x6c340000, 0x73340000)
  object space 16384K, 20% used [0x6b340000,0x6b67fc88,0x6c340000)
Event: 3,710 GC heap after
Heap after GC invocations=5 (full 0):
 PSYoungGen      total 17152K, used 1274K [0x9ddc0000, 0xa0840000, 0xb3340000)
  eden space 15872K, 0% used [0x9ddc0000,0x9ddc0000,0x9ed40000)
  from space 1280K, 99% used [0x9ed40000,0x9ee7e9b8,0x9ee80000)
  to   space 5888K, 0% used [0xa0280000,0xa0280000,0xa0840000)
 ParOldGen       total 20736K, used 10885K [0x73340000, 0x74780000, 0x9ddc0000)
  object space 20736K, 52% used [0x73340000,0x73de15e8,0x74780000)
 PSPermGen       total 16384K, used 3327K [0x6b340000, 0x6c340000, 0x73340000)
  object space 16384K, 20% used [0x6b340000,0x6b67fc88,0x6c340000)
}
Event: 4,420 GC heap before
{Heap before GC invocations=6 (full 0):
 PSYoungGen      total 17152K, used 17146K [0x9ddc0000, 0xa0840000, 0xb3340000)
  eden space 15872K, 100% used [0x9ddc0000,0x9ed40000,0x9ed40000)
  from space 1280K, 99% used [0x9ed40000,0x9ee7e9b8,0x9ee80000)
  to   space 5888K, 0% used [0xa0280000,0xa0280000,0xa0840000)
 ParOldGen       total 20736K, used 10885K [0x73340000, 0x74780000, 0x9ddc0000)
  object space 20736K, 52% used [0x73340000,0x73de15e8,0x74780000)
 PSPermGen       total 16384K, used 3372K [0x6b340000, 0x6c340000, 0x73340000)
  object space 16384K, 20% used [0x6b340000,0x6b68b250,0x6c340000)
Event: 4,445 GC heap after
Heap after GC invocations=6 (full 0):
 PSYoungGen      total 37120K, used 4725K [0x9ddc0000, 0xa0940000, 0xb3340000)
  eden space 31232K, 0% used [0x9ddc0000,0x9ddc0000,0x9fc40000)
  from space 5888K, 80% used [0xa0280000,0xa071d788,0xa0840000)
  to   space 6400K, 0% used [0x9fc40000,0x9fc40000,0xa0280000)
 ParOldGen       total 20736K, used 10885K [0x73340000, 0x74780000, 0x9ddc0000)
  object space 20736K, 52% used [0x73340000,0x73de15e8,0x74780000)
 PSPermGen       total 16384K, used 3372K [0x6b340000, 0x6c340000, 0x73340000)
  object space 16384K, 20% used [0x6b340000,0x6b68b250,0x6c340000)
}
Event: 5,303 GC heap before
{Heap before GC invocations=7 (full 0):
 PSYoungGen      total 37120K, used 35957K [0x9ddc0000, 0xa0940000, 0xb3340000)
  eden space 31232K, 100% used [0x9ddc0000,0x9fc40000,0x9fc40000)
  from space 5888K, 80% used [0xa0280000,0xa071d788,0xa0840000)
  to   space 6400K, 0% used [0x9fc40000,0x9fc40000,0xa0280000)
 ParOldGen       total 20736K, used 10885K [0x73340000, 0x74780000, 0x9ddc0000)
  object space 20736K, 52% used [0x73340000,0x73de15e8,0x74780000)
 PSPermGen       total 16384K, used 3382K [0x6b340000, 0x6c340000, 0x73340000)
  object space 16384K, 20% used [0x6b340000,0x6b68dbb8,0x6c340000)

Deoptimization events (10 events):
Event: 4,042 Thread 0xb6407800 Uncommon trap: reason=class_check action=maybe_recompile pc=0xb3490b40 method=com.android.dx.ssa.SCCP.simulatePhi(Lcom/android/dx/ssa/PhiInsn;)V @ 124
Event: 4,042 Thread 0xb6407800 Uncommon trap: reason=class_check action=maybe_recompile pc=0xb3490b40 method=com.android.dx.ssa.SCCP.simulatePhi(Lcom/android/dx/ssa/PhiInsn;)V @ 124
Event: 4,242 Thread 0xb6407800 Uncommon trap: reason=bimorphic action=maybe_recompile pc=0xb34c5e5c method=com.android.dx.cf.code.Merger.mergeType(Lcom/android/dx/rop/type/TypeBearer;Lcom/android/dx/rop/type/TypeBearer;)Lcom/android/dx/rop/type/TypeBearer; @ 6
Event: 4,406 Thread 0xb6407800 Uncommon trap: reason=bimorphic action=maybe_recompile pc=0xb34c5e5c method=com.android.dx.cf.code.Merger.mergeType(Lcom/android/dx/rop/type/TypeBearer;Lcom/android/dx/rop/type/TypeBearer;)Lcom/android/dx/rop/type/TypeBearer; @ 6
Event: 4,578 Thread 0xb6407800 Uncommon trap: reason=class_check action=maybe_recompile pc=0xb347756c method=java.util.HashMap.put(Ljava/lang/Object;Ljava/lang/Object;)Ljava/lang/Object; @ 83
Event: 4,593 Thread 0xb6407800 Uncommon trap: reason=bimorphic action=maybe_recompile pc=0xb34c5e5c method=com.android.dx.cf.code.Merger.mergeType(Lcom/android/dx/rop/type/TypeBearer;Lcom/android/dx/rop/type/TypeBearer;)Lcom/android/dx/rop/type/TypeBearer; @ 6
Event: 4,671 Thread 0xb6407800 Uncommon trap: reason=bimorphic action=maybe_recompile pc=0xb34c5e5c method=com.android.dx.cf.code.Merger.mergeType(Lcom/android/dx/rop/type/TypeBearer;Lcom/android/dx/rop/type/TypeBearer;)Lcom/android/dx/rop/type/TypeBearer; @ 6
Event: 4,950 Thread 0xb6407800 Uncommon trap: reason=class_check action=maybe_recompile pc=0xb347756c method=java.util.HashMap.put(Ljava/lang/Object;Ljava/lang/Object;)Ljava/lang/Object; @ 83
Event: 4,950 Thread 0xb6407800 Uncommon trap: reason=class_check action=maybe_recompile pc=0xb347756c method=java.util.HashMap.put(Ljava/lang/Object;Ljava/lang/Object;)Ljava/lang/Object; @ 83
Event: 4,950 Thread 0xb6407800 Uncommon trap: reason=class_check action=maybe_recompile pc=0xb347756c method=java.util.HashMap.put(Ljava/lang/Object;Ljava/lang/Object;)Ljava/lang/Object; @ 83

Internal exceptions (10 events):
Event: 1,381 Thread 0xb6407800 Threw 0x9dea64e8 at /build/buildd/openjdk-7-7u65-2.5.1/build/openjdk/hotspot/src/share/vm/prims/jvm.cpp:1247
Event: 1,478 Thread 0xb6407800 Threw 0x9df82e40 at /build/buildd/openjdk-7-7u65-2.5.1/build/openjdk/hotspot/src/share/vm/prims/jvm.cpp:1247
Event: 1,484 Thread 0xb6407800 Threw 0x9dfa0080 at /build/buildd/openjdk-7-7u65-2.5.1/build/openjdk/hotspot/src/share/vm/prims/jvm.cpp:1247
Event: 2,754 Thread 0xb6407800 Implicit null exception at 0xb34610eb to 0xb3461171
Event: 2,817 Thread 0xb6407800 Implicit null exception at 0xb34a76b5 to 0xb34a82a9
Event: 3,333 Thread 0xb6407800 Implicit null exception at 0xb34a1013 to 0xb34a2059
Event: 4,033 Thread 0xb6407800 Threw 0x9e5ab6a0 at /build/buildd/openjdk-7-7u65-2.5.1/build/openjdk/hotspot/src/share/vm/prims/jvm.cpp:1247
Event: 4,034 Thread 0xb6407800 Implicit null exception at 0xb34edc08 to 0xb34ef0ad
Event: 4,277 Thread 0xb6407800 Threw 0x9eafaa08 at /build/buildd/openjdk-7-7u65-2.5.1/build/openjdk/hotspot/src/share/vm/prims/jvm.cpp:1247
Event: 4,802 Thread 0xb6407800 Threw 0x9e7fe818 at /build/buildd/openjdk-7-7u65-2.5.1/build/openjdk/hotspot/src/share/vm/prims/jvm.cpp:1247

Events (10 events):
Event: 4,950 Thread 0xb6407800 Uncommon trap: trap_request=0xffffffde fr.pc=0xb347756c
Event: 4,950 Thread 0xb6407800 DEOPT PACKING pc=0xb347756c sp=0xb66097e0
Event: 4,950 Thread 0xb6407800 DEOPT UNPACKING pc=0xb342cbc8 sp=0xb66097bc mode 2
Event: 4,950 Thread 0xb6407800 Uncommon trap: trap_request=0xffffffde fr.pc=0xb347756c
Event: 4,950 Thread 0xb6407800 DEOPT PACKING pc=0xb347756c sp=0xb66097e0
Event: 4,950 Thread 0xb6407800 DEOPT UNPACKING pc=0xb342cbc8 sp=0xb66097bc mode 2
Event: 4,950 Thread 0xb6407800 Uncommon trap: trap_request=0xffffffde fr.pc=0xb347756c
Event: 4,950 Thread 0xb6407800 DEOPT PACKING pc=0xb347756c sp=0xb66097e0
Event: 4,950 Thread 0xb6407800 DEOPT UNPACKING pc=0xb342cbc8 sp=0xb66097bc mode 2
Event: 5,303 Executing VM operation: ParallelGCFailedAllocation


Dynamic libraries:
08048000-08049000 r-xp 00000000 08:06 1981438    /usr/lib/jvm/java-7-openjdk-i386/jre/bin/java
08049000-0804a000 r-xp 00000000 08:06 1981438    /usr/lib/jvm/java-7-openjdk-i386/jre/bin/java
0804a000-0804b000 rwxp 00001000 08:06 1981438    /usr/lib/jvm/java-7-openjdk-i386/jre/bin/java
083b6000-08ab9000 rwxp 00000000 00:00 0          [heap]
67000000-670d9000 rwxp 00000000 00:00 0 
670d9000-67100000 ---p 00000000 00:00 0 
67100000-67200000 rwxp 00000000 00:00 0 
67200000-672fe000 rwxp 00000000 00:00 0 
672fe000-67300000 ---p 00000000 00:00 0 
67300000-673fc000 rwxp 00000000 00:00 0 
673fc000-67400000 ---p 00000000 00:00 0 
67400000-674e6000 rwxp 00000000 00:00 0 
674e6000-67500000 ---p 00000000 00:00 0 
67500000-675f4000 rwxp 00000000 00:00 0 
675f4000-67600000 ---p 00000000 00:00 0 
67600000-67700000 rwxp 00000000 00:00 0 
67800000-6783d000 rwxp 00000000 00:00 0 
6783d000-67900000 ---p 00000000 00:00 0 
679aa000-679ab000 ---p 00000000 00:00 0 
679ab000-67a2b000 rwxp 00000000 00:00 0          [stack:527]
67a2b000-67a2e000 ---p 00000000 00:00 0 
67a2e000-67a7c000 rwxp 00000000 00:00 0          [stack:526]
67a7c000-67a7f000 ---p 00000000 00:00 0 
67a7f000-67afd000 rwxp 00000000 00:00 0          [stack:524]
67afd000-67b00000 ---p 00000000 00:00 0 
67b00000-67b7e000 rwxp 00000000 00:00 0          [stack:523]
67b7e000-67b81000 ---p 00000000 00:00 0 
67b81000-67bcf000 rwxp 00000000 00:00 0          [stack:522]
67bcf000-67d00000 r-xp 0032d000 08:06 795289     /usr/lib/locale/locale-archive
67d00000-67f00000 r-xp 00000000 08:06 795289     /usr/lib/locale/locale-archive
67f00000-67ff2000 rwxp 00000000 00:00 0 
67ff2000-68000000 ---p 00000000 00:00 0 
6802d000-68030000 ---p 00000000 00:00 0 
68030000-6807e000 rwxp 00000000 00:00 0          [stack:521]
6807e000-68081000 ---p 00000000 00:00 0 
68081000-680cf000 rwxp 00000000 00:00 0          [stack:520]
680cf000-68280000 r-xs 01d21000 08:06 1059466    /usr/lib/jvm/java-7-openjdk-i386/jre/lib/rt.jar
68280000-6ab00000 rwxp 00000000 00:00 0 
6ab00000-6abe5000 rwxp 00000000 00:00 0 
6abe5000-6ac00000 ---p 00000000 00:00 0 
6ac36000-6ac37000 ---p 00000000 00:00 0 
6ac37000-6ad00000 rwxp 00000000 00:00 0          [stack:519]
6ad00000-6ad21000 rwxp 00000000 00:00 0 
6ad21000-6ae00000 ---p 00000000 00:00 0 
6ae0c000-6ae67000 rwxp 00000000 00:00 0 
6ae67000-6ae68000 ---p 00000000 00:00 0 
6ae68000-6aee8000 rwxp 00000000 00:00 0          [stack:518]
6aee8000-6aee9000 ---p 00000000 00:00 0 
6aee9000-6af71000 rwxp 00000000 00:00 0          [stack:517]
6af71000-6afa9000 rwxp 00000000 00:00 0 
6afa9000-6afb4000 rwxp 00000000 00:00 0 
6afb4000-6b0ff000 rwxp 00000000 00:00 0 
6b0ff000-6b107000 rwxp 00000000 00:00 0 
6b107000-6b13f000 rwxp 00000000 00:00 0 
6b13f000-6b14a000 rwxp 00000000 00:00 0 
6b14a000-6b294000 rwxp 00000000 00:00 0 
6b294000-6b2aa000 rwxp 00000000 00:00 0 
6b2aa000-6b33f000 rwxp 00000000 00:00 0 
6b33f000-6c340000 rwxp 00000000 00:00 0 
6c340000-73340000 rwxp 00000000 00:00 0 
73340000-74780000 rwxp 00000000 00:00 0 
74780000-9ddc0000 rwxp 00000000 00:00 0 
9ddc0000-a0940000 rwxp 00000000 00:00 0 
a2d13000-a2d1a000 r-xs 00000000 08:06 788876     /usr/lib/i386-linux-gnu/gconv/gconv-modules.cache
a2d1a000-a2d40000 r-xp 00000000 08:06 1320462    /usr/share/locale-langpack/es/LC_MESSAGES/libc.mo
a2d40000-b3340000 rwxp 00000000 00:00 0 
b3340000-b3349000 rwxp 00000000 00:00 0 
b3349000-b3400000 rwxp 00000000 00:00 0 
b3400000-b3640000 rwxp 00000000 00:00 0 
b3640000-b64fc000 rwxp 00000000 00:00 0 
b64fc000-b6500000 ---p 00000000 00:00 0 
b6501000-b650f000 r-xs 000b4000 00:18 1983242    /home/manu/Android/android-sdk-linux/build-tools/20.0.0/lib/dx.jar
b650f000-b6512000 r-xs 0003c000 08:06 1059462    /usr/lib/jvm/java-7-openjdk-i386/jre/lib/ext/sunpkcs11.jar
b6512000-b6516000 r-xs 00085000 08:06 1059463    /usr/lib/jvm/java-7-openjdk-i386/jre/lib/ext/localedata.jar
b6516000-b6519000 r-xs 00032000 08:06 1059460    /usr/lib/jvm/java-7-openjdk-i386/jre/lib/ext/sunjce_provider.jar
b6519000-b651c000 r-xs 0000f000 08:06 1059461    /usr/lib/jvm/java-7-openjdk-i386/jre/lib/ext/pulse-java.jar
b651c000-b6537000 rwxp 00000000 00:00 0 
b6537000-b6542000 r-xp 00000000 08:06 262160     /lib/i386-linux-gnu/libnss_files-2.19.so
b6542000-b6543000 r-xp 0000a000 08:06 262160     /lib/i386-linux-gnu/libnss_files-2.19.so
b6543000-b6544000 rwxp 0000b000 08:06 262160     /lib/i386-linux-gnu/libnss_files-2.19.so
b6544000-b654e000 r-xp 00000000 08:06 266794     /lib/i386-linux-gnu/libnss_nis-2.19.so
b654e000-b654f000 r-xp 00009000 08:06 266794     /lib/i386-linux-gnu/libnss_nis-2.19.so
b654f000-b6550000 rwxp 0000a000 08:06 266794     /lib/i386-linux-gnu/libnss_nis-2.19.so
b6550000-b6565000 r-xp 00000000 08:06 266791     /lib/i386-linux-gnu/libnsl-2.19.so
b6565000-b6566000 r-xp 00015000 08:06 266791     /lib/i386-linux-gnu/libnsl-2.19.so
b6566000-b6567000 rwxp 00016000 08:06 266791     /lib/i386-linux-gnu/libnsl-2.19.so
b6567000-b6569000 rwxp 00000000 00:00 0 
b6569000-b6570000 r-xp 00000000 08:06 262170     /lib/i386-linux-gnu/libnss_compat-2.19.so
b6570000-b6571000 r-xp 00006000 08:06 262170     /lib/i386-linux-gnu/libnss_compat-2.19.so
b6571000-b6572000 rwxp 00007000 08:06 262170     /lib/i386-linux-gnu/libnss_compat-2.19.so
b6574000-b6576000 r-xs 00006000 08:06 1196635    /usr/share/java/java-atk-wrapper.jar
b6576000-b657e000 r-xp 00000000 08:06 1196614    /usr/lib/jvm/java-7-openjdk-i386/jre/lib/i386/libzip.so
b657e000-b657f000 r-xp 00007000 08:06 1196614    /usr/lib/jvm/java-7-openjdk-i386/jre/lib/i386/libzip.so
b657f000-b6580000 rwxp 00008000 08:06 1196614    /usr/lib/jvm/java-7-openjdk-i386/jre/lib/i386/libzip.so
b6580000-b6588000 rwxs 00000000 08:06 661320     /tmp/hsperfdata_manu/508
b6588000-b65af000 r-xp 00000000 08:06 1196599    /usr/lib/jvm/java-7-openjdk-i386/jre/lib/i386/libjava.so
b65af000-b65b0000 r-xp 00026000 08:06 1196599    /usr/lib/jvm/java-7-openjdk-i386/jre/lib/i386/libjava.so
b65b0000-b65b1000 rwxp 00027000 08:06 1196599    /usr/lib/jvm/java-7-openjdk-i386/jre/lib/i386/libjava.so
b65b1000-b65b8000 r-xp 00000000 08:06 266654     /lib/i386-linux-gnu/librt-2.19.so
b65b8000-b65b9000 r-xp 00006000 08:06 266654     /lib/i386-linux-gnu/librt-2.19.so
b65b9000-b65ba000 rwxp 00007000 08:06 266654     /lib/i386-linux-gnu/librt-2.19.so
b65ba000-b65bd000 ---p 00000000 00:00 0 
b65bd000-b660b000 rwxp 00000000 00:00 0          [stack:516]
b660b000-b6627000 r-xp 00000000 08:06 263184     /lib/i386-linux-gnu/libgcc_s.so.1
b6627000-b6628000 rwxp 0001b000 08:06 263184     /lib/i386-linux-gnu/libgcc_s.so.1
b6628000-b666c000 r-xp 00000000 08:06 266792     /lib/i386-linux-gnu/libm-2.19.so
b666c000-b666d000 r-xp 00043000 08:06 266792     /lib/i386-linux-gnu/libm-2.19.so
b666d000-b666e000 rwxp 00044000 08:06 266792     /lib/i386-linux-gnu/libm-2.19.so
b666e000-b674a000 r-xp 00000000 08:06 792682     /usr/lib/i386-linux-gnu/libstdc++.so.6.0.19
b674a000-b674b000 ---p 000dc000 08:06 792682     /usr/lib/i386-linux-gnu/libstdc++.so.6.0.19
b674b000-b674f000 r-xp 000dc000 08:06 792682     /usr/lib/i386-linux-gnu/libstdc++.so.6.0.19
b674f000-b6750000 rwxp 000e0000 08:06 792682     /usr/lib/i386-linux-gnu/libstdc++.so.6.0.19
b6750000-b6757000 rwxp 00000000 00:00 0 
b6757000-b7142000 r-xp 00000000 08:06 1736024    /usr/lib/jvm/java-7-openjdk-i386/jre/lib/i386/server/libjvm.so
b7142000-b7194000 r-xp 009ea000 08:06 1736024    /usr/lib/jvm/java-7-openjdk-i386/jre/lib/i386/server/libjvm.so
b7194000-b71a8000 rwxp 00a3c000 08:06 1736024    /usr/lib/jvm/java-7-openjdk-i386/jre/lib/i386/server/libjvm.so
b71a8000-b75c6000 rwxp 00000000 00:00 0 
b75c6000-b75de000 r-xp 00000000 08:06 263320     /lib/i386-linux-gnu/libz.so.1.2.8
b75de000-b75df000 r-xp 00017000 08:06 263320     /lib/i386-linux-gnu/libz.so.1.2.8
b75df000-b75e0000 rwxp 00018000 08:06 263320     /lib/i386-linux-gnu/libz.so.1.2.8
b75e0000-b75f8000 r-xp 00000000 08:06 266805     /lib/i386-linux-gnu/libpthread-2.19.so
b75f8000-b75f9000 r-xp 00017000 08:06 266805     /lib/i386-linux-gnu/libpthread-2.19.so
b75f9000-b75fa000 rwxp 00018000 08:06 266805     /lib/i386-linux-gnu/libpthread-2.19.so
b75fa000-b75fc000 rwxp 00000000 00:00 0 
b75fc000-b75ff000 r-xp 00000000 08:06 266807     /lib/i386-linux-gnu/libdl-2.19.so
b75ff000-b7600000 r-xp 00002000 08:06 266807     /lib/i386-linux-gnu/libdl-2.19.so
b7600000-b7601000 rwxp 00003000 08:06 266807     /lib/i386-linux-gnu/libdl-2.19.so
b7601000-b77aa000 r-xp 00000000 08:06 266797     /lib/i386-linux-gnu/libc-2.19.so
b77aa000-b77ab000 ---p 001a9000 08:06 266797     /lib/i386-linux-gnu/libc-2.19.so
b77ab000-b77ad000 r-xp 001a9000 08:06 266797     /lib/i386-linux-gnu/libc-2.19.so
b77ad000-b77ae000 rwxp 001ab000 08:06 266797     /lib/i386-linux-gnu/libc-2.19.so
b77ae000-b77b1000 rwxp 00000000 00:00 0 
b77b1000-b77b2000 r-xs 00002000 08:06 1059459    /usr/lib/jvm/java-7-openjdk-i386/jre/lib/ext/dnsns.jar
b77b2000-b77b4000 r-xs 00012000 08:06 1059464    /usr/lib/jvm/java-7-openjdk-i386/jre/lib/ext/zipfs.jar
b77b4000-b77b5000 r-xp 00462000 08:06 795289     /usr/lib/locale/locale-archive
b77b5000-b77b6000 rwxp 00000000 00:00 0 
b77b6000-b77b7000 ---p 00000000 00:00 0 
b77b7000-b77c5000 r-xp 00000000 08:06 1196608    /usr/lib/jvm/java-7-openjdk-i386/jre/lib/i386/libverify.so
b77c5000-b77c6000 r-xp 0000d000 08:06 1196608    /usr/lib/jvm/java-7-openjdk-i386/jre/lib/i386/libverify.so
b77c6000-b77c7000 rwxp 0000e000 08:06 1196608    /usr/lib/jvm/java-7-openjdk-i386/jre/lib/i386/libverify.so
b77c7000-b77d3000 r-xp 00000000 08:06 1871671    /usr/lib/jvm/java-7-openjdk-i386/jre/lib/i386/jli/libjli.so
b77d3000-b77d4000 r-xp 0000c000 08:06 1871671    /usr/lib/jvm/java-7-openjdk-i386/jre/lib/i386/jli/libjli.so
b77d4000-b77d5000 rwxp 0000d000 08:06 1871671    /usr/lib/jvm/java-7-openjdk-i386/jre/lib/i386/jli/libjli.so
b77d5000-b77d8000 rwxp 00000000 00:00 0 
b77d8000-b77d9000 r-xp 00000000 00:00 0          [vdso]
b77d9000-b77f9000 r-xp 00000000 08:06 266806     /lib/i386-linux-gnu/ld-2.19.so
b77f9000-b77fa000 r-xp 0001f000 08:06 266806     /lib/i386-linux-gnu/ld-2.19.so
b77fa000-b77fb000 rwxp 00020000 08:06 266806     /lib/i386-linux-gnu/ld-2.19.so
bfa3a000-bfa3b000 rwxp 00000000 00:00 0 
bfa6d000-bfa8e000 rw-p 00000000 00:00 0          [stack]

VM Arguments:
jvm_args: -Xmx1024M 
java_command: /home/manu/Android/android-sdk-linux/build-tools/20.0.0/lib/dx.jar --dex --output /home/manu/NetBeansProjects/RememberMe/platforms/android/ant-build/classes.dex /home/manu/NetBeansProjects/RememberMe/platforms/android/ant-build/classes /home/manu/NetBeansProjects/RememberMe/platforms/android/ant-build/dexedLibs/classes-6962d322d4a530dabb67d648e293c883.jar
Launcher Type: SUN_STANDARD

Environment Variables:
JAVA_HOME=/usr/lib/jvm/default-java
PATH=/usr/local/sbin:/usr/local/bin:/usr/sbin:/usr/bin:/sbin:/bin:/usr/games:/usr/local/games:/home/manu/Android/android-sdk-linux/tools:/home/manu/Android/android-sdk-linux/platform-tools:/usr/lib/jvm/default-java/bin:/home/manu/netbeans-8.0/extide/ant/bin
LD_LIBRARY_PATH=/usr/lib/jvm/default-java/jre/lib/amd64:/usr/lib/jvm/default-java/jre/lib/i386:
SHELL=/bin/bash
DISPLAY=:0.0

Signal Handlers:
SIGSEGV: [libjvm.so+0x80a0a0], sa_mask[0]=0x7ffbfeff, sa_flags=0x10000004
SIGBUS: [libjvm.so+0x80a0a0], sa_mask[0]=0x7ffbfeff, sa_flags=0x10000004
SIGFPE: [libjvm.so+0x683f60], sa_mask[0]=0x7ffbfeff, sa_flags=0x10000004
SIGPIPE: [libjvm.so+0x683f60], sa_mask[0]=0x7ffbfeff, sa_flags=0x10000004
SIGXFSZ: [libjvm.so+0x683f60], sa_mask[0]=0x7ffbfeff, sa_flags=0x10000004
SIGILL: [libjvm.so+0x683f60], sa_mask[0]=0x7ffbfeff, sa_flags=0x10000004
SIGUSR1: SIG_DFL, sa_mask[0]=0x00000000, sa_flags=0x00000000
SIGUSR2: [libjvm.so+0x683df0], sa_mask[0]=0x00000004, sa_flags=0x10000004
SIGHUP: [libjvm.so+0x684020], sa_mask[0]=0x7ffbfeff, sa_flags=0x10000004
SIGINT: [libjvm.so+0x684020], sa_mask[0]=0x7ffbfeff, sa_flags=0x10000004
SIGTERM: [libjvm.so+0x684020], sa_mask[0]=0x7ffbfeff, sa_flags=0x10000004
SIGQUIT: [libjvm.so+0x684020], sa_mask[0]=0x7ffbfeff, sa_flags=0x10000004
SIGTRAP: SIG_DFL, sa_mask[0]=0x00000000, sa_flags=0x00000000


---------------  S Y S T E M  ---------------

OS:Ubuntu 14.04 (trusty)
uname:Linux 3.13.0-34-generic #60-Ubuntu SMP Wed Aug 13 15:49:09 UTC 2014 i686
libc:glibc 2.19 NPTL 2.19 
rlimit: STACK 8192k, CORE 0k, NPROC 15366, NOFILE 4096, AS infinity
load average:3,89 1,44 0,92

/proc/meminfo:
MemTotal:        1993568 kB
MemFree:          120356 kB
Buffers:              88 kB
Cached:           246000 kB
SwapCached:            0 kB
Active:          1537648 kB
Inactive:         243488 kB
Active(anon):    1536432 kB
Inactive(anon):   225324 kB
Active(file):       1216 kB
Inactive(file):    18164 kB
Unevictable:          32 kB
Mlocked:              32 kB
HighTotal:       1112444 kB
HighFree:          21404 kB
LowTotal:         881124 kB
LowFree:           98952 kB
SwapTotal:             0 kB
SwapFree:              0 kB
Dirty:                28 kB
Writeback:             0 kB
AnonPages:       1535200 kB
Mapped:            34764 kB
Shmem:            226588 kB
Slab:              43304 kB
SReclaimable:      17240 kB
SUnreclaim:        26064 kB
KernelStack:        3664 kB
PageTables:        11564 kB
NFS_Unstable:          0 kB
Bounce:                0 kB
WritebackTmp:          0 kB
CommitLimit:      996784 kB
Committed_AS:    4557828 kB
VmallocTotal:     122880 kB
VmallocUsed:       16584 kB
VmallocChunk:      99340 kB
HardwareCorrupted:     0 kB
AnonHugePages:    514048 kB
HugePages_Total:       0
HugePages_Free:        0
HugePages_Rsvd:        0
HugePages_Surp:        0
Hugepagesize:       2048 kB
DirectMap4k:       32760 kB
DirectMap2M:      880640 kB


CPU:total 2 (2 cores per cpu, 1 threads per core) family 6 model 23 stepping 10, cmov, cx8, fxsr, mmx, sse, sse2, sse3, ssse3, tsc

/proc/cpuinfo:
processor	: 0
vendor_id	: GenuineIntel
cpu family	: 6
model		: 23
model name	: Celeron(R) Dual-Core CPU       T3000  @ 1.80GHz
stepping	: 10
microcode	: 0xa07
cpu MHz		: 1795.526
cache size	: 1024 KB
physical id	: 0
siblings	: 2
core id		: 0
cpu cores	: 2
apicid		: 0
initial apicid	: 0
fdiv_bug	: no
f00f_bug	: no
coma_bug	: no
fpu		: yes
fpu_exception	: yes
cpuid level	: 13
wp		: yes
flags		: fpu vme de pse tsc msr pae mce cx8 apic sep mtrr pge mca cmov pat pse36 clflush dts acpi mmx fxsr sse sse2 ss ht tm pbe nx lm constant_tsc arch_perfmon pebs bts aperfmperf pni dtes64 monitor ds_cpl tm2 ssse3 cx16 xtpr pdcm xsave lahf_lm dtherm
bogomips	: 3591.05
clflush size	: 64
cache_alignment	: 64
address sizes	: 36 bits physical, 48 bits virtual
power management:

processor	: 1
vendor_id	: GenuineIntel
cpu family	: 6
model		: 23
model name	: Celeron(R) Dual-Core CPU       T3000  @ 1.80GHz
stepping	: 10
microcode	: 0xa07
cpu MHz		: 1795.526
cache size	: 1024 KB
physical id	: 0
siblings	: 2
core id		: 1
cpu cores	: 2
apicid		: 1
initial apicid	: 1
fdiv_bug	: no
f00f_bug	: no
coma_bug	: no
fpu		: yes
fpu_exception	: yes
cpuid level	: 13
wp		: yes
flags		: fpu vme de pse tsc msr pae mce cx8 apic sep mtrr pge mca cmov pat pse36 clflush dts acpi mmx fxsr sse sse2 ss ht tm pbe nx lm constant_tsc arch_perfmon pebs bts aperfmperf pni dtes64 monitor ds_cpl tm2 ssse3 cx16 xtpr pdcm xsave lahf_lm dtherm
bogomips	: 3591.05
clflush size	: 64
cache_alignment	: 64
address sizes	: 36 bits physical, 48 bits virtual
power management:



Memory: 4k page, physical 1993568k(118952k free), swap 0k(0k free)

vm_info: OpenJDK Server VM (24.65-b04) for linux-x86 JRE (1.7.0_65-b32), built on Aug 23 2014 13:40:35 by "buildd" with gcc 4.8.2

time: Fri Aug 29 04:25:50 2014
elapsed time: 24 seconds

